<?xml version="1.0" encoding="UTF-8"?>
<testng-results skipped="0" failed="0" ignored="0" total="2" passed="2">
  <reporter-output>
  </reporter-output>
  <suite name="Default suite" duration-ms="28986" started-at="2020-02-06T02:51:20Z" finished-at="2020-02-06T02:51:49Z">
    <groups>
    </groups>
    <test name="Default test" duration-ms="28986" started-at="2020-02-06T02:51:20Z" finished-at="2020-02-06T02:51:49Z">
      <class name="com.freecrm.qa.testcases.HomePageTest">
        <test-method status="PASS" signature="setUp()[pri:0, instance:com.freecrm.qa.testcases.HomePageTest@146ba0ac]" name="setUp" is-config="true" duration-ms="13784" started-at="2020-02-06T08:21:20Z" finished-at="2020-02-06T08:21:34Z">
          <reporter-output>
          </reporter-output>
        </test-method> <!-- setUp -->
        <test-method status="PASS" signature="verifyHomePageTitleTest()[pri:1, instance:com.freecrm.qa.testcases.HomePageTest@146ba0ac]" name="verifyHomePageTitleTest" duration-ms="24" started-at="2020-02-06T08:21:34Z" finished-at="2020-02-06T08:21:34Z">
          <reporter-output>
          </reporter-output>
        </test-method> <!-- verifyHomePageTitleTest -->
        <test-method status="PASS" signature="tearDown()[pri:0, instance:com.freecrm.qa.testcases.HomePageTest@146ba0ac]" name="tearDown" is-config="true" duration-ms="657" started-at="2020-02-06T08:21:34Z" finished-at="2020-02-06T08:21:34Z">
          <reporter-output>
          </reporter-output>
        </test-method> <!-- tearDown -->
        <test-method status="PASS" signature="setUp()[pri:0, instance:com.freecrm.qa.testcases.HomePageTest@146ba0ac]" name="setUp" is-config="true" duration-ms="10367" started-at="2020-02-06T08:21:34Z" finished-at="2020-02-06T08:21:45Z">
          <reporter-output>
          </reporter-output>
        </test-method> <!-- setUp -->
        <test-method status="PASS" signature="verifyUsernameTest()[pri:2, instance:com.freecrm.qa.testcases.HomePageTest@146ba0ac]" name="verifyUsernameTest" duration-ms="2170" started-at="2020-02-06T08:21:45Z" finished-at="2020-02-06T08:21:47Z">
          <reporter-output>
          </reporter-output>
        </test-method> <!-- verifyUsernameTest -->
        <test-method status="PASS" signature="tearDown()[pri:0, instance:com.freecrm.qa.testcases.HomePageTest@146ba0ac]" name="tearDown" is-config="true" duration-ms="1966" started-at="2020-02-06T08:21:47Z" finished-at="2020-02-06T08:21:49Z">
          <reporter-output>
          </reporter-output>
        </test-method> <!-- tearDown -->
      </class> <!-- com.freecrm.qa.testcases.HomePageTest -->
    </test> <!-- Default test -->
  </suite> <!-- Default suite -->
</testng-results>
