<?xml version="1.0" encoding="UTF-8"?>
<!-- Generated by org.testng.reporters.JUnitXMLReporter -->
<testsuite hostname="LAPTOP-KQHR9NHD" ignored="0" name="Default test" tests="2" failures="0" timestamp="06 Feb 2020 02:51:49 GMT" time="28.986" errors="0">
  <testcase name="verifyHomePageTitleTest" time="0.024" classname="com.freecrm.qa.testcases.HomePageTest"/>
  <testcase name="verifyUsernameTest" time="2.17" classname="com.freecrm.qa.testcases.HomePageTest"/>
</testsuite> <!-- Default test -->
